[debug] [2022-07-05T22:45:18.133Z] ----------------------------------------------------------------------
[debug] [2022-07-05T22:45:18.138Z] Command:       C:\Program Files\nodejs\node.exe C:\Users\noahv\AppData\Roaming\npm\node_modules\firebase-tools\lib\bin\firebase.js init
[debug] [2022-07-05T22:45:18.139Z] CLI Version:   11.2.0
[debug] [2022-07-05T22:45:18.140Z] Platform:      win32
[debug] [2022-07-05T22:45:18.140Z] Node Version:  v16.15.0
[debug] [2022-07-05T22:45:18.141Z] Time:          Tue Jul 05 2022 23:45:18 GMT+0100 (West Africa Standard Time)
[debug] [2022-07-05T22:45:18.142Z] ----------------------------------------------------------------------
[debug] 
[debug] [2022-07-05T22:45:18.163Z] > command requires scopes: ["email","openid","https://www.googleapis.com/auth/cloudplatformprojects.readonly","https://www.googleapis.com/auth/firebase","https://www.googleapis.com/auth/cloud-platform"]
[debug] [2022-07-05T22:45:18.165Z] > authorizing via signed-in user (noahvikoo3@gmail.com)
[info] 
     ######## #### ########  ######## ########     ###     ######  ########
     ##        ##  ##     ## ##       ##     ##  ##   ##  ##       ##
     ######    ##  ########  ######   ########  #########  ######  ######
     ##        ##  ##    ##  ##       ##     ## ##     ##       ## ##
     ##       #### ##     ## ######## ########  ##     ##  ######  ########

You're about to initialize a Firebase project in this directory:

  C:\Users\noahv\Documents\React\gmail

[info] 
=== Project Setup
[info] 
[info] First, let's associate this project directory with a Firebase project.
[info] You can create multiple project aliases by running firebase use --add, 
[info] but for now we'll just set up a default project.
[info] 
[debug] [2022-07-05T22:48:04.989Z] >>> [apiv2][query] GET https://firebase.googleapis.com/v1beta1/projects pageSize=100
[debug] [2022-07-05T22:48:05.824Z] <<< [apiv2][status] GET https://firebase.googleapis.com/v1beta1/projects 200
[debug] [2022-07-05T22:48:05.824Z] <<< [apiv2][body] GET https://firebase.googleapis.com/v1beta1/projects [omitted]
[info] i  Using project clone-1f570 (gmail-clone) 
[info] 
=== Hosting Setup
[info] 
[info] Your public directory is the folder (relative to your project directory) that
[info] will contain Hosting assets to be uploaded with firebase deploy. If you
[info] have a build process for your assets, use your build's output directory.
[info] 
[debug] [2022-07-05T22:49:44.082Z] >>> [apiv2][query] GET https://www.gstatic.com/firebasejs/releases.json [none]
[debug] [2022-07-05T22:49:44.486Z] <<< [apiv2][status] GET https://www.gstatic.com/firebasejs/releases.json 200
[debug] [2022-07-05T22:49:44.486Z] <<< [apiv2][body] GET https://www.gstatic.com/firebasejs/releases.json {"current":{"version":"9.8.4","browserURL":"https://www.gstatic.com/firebasejs/9.8.4/firebase.js","packageURL":"https://www.gstatic.com/firebasejs/9.8.4/firebase.tgz"},"live":{"version":"9.8","browserURL":"https://www.gstatic.com/firebasejs/live/9.8/firebase.js","packageURL":"https://www.gstatic.com/firebasejs/live/9.8/firebase.tgz"},"components":{"analytics":"https://www.gstatic.com/firebasejs/9.8.4/firebase-analytics.js","app":"https://www.gstatic.com/firebasejs/9.8.4/firebase-app.js","app-check":"https://www.gstatic.com/firebasejs/9.8.4/firebase-app-check.js","auth":"https://www.gstatic.com/firebasejs/9.8.4/firebase-auth.js","auth/cordova":"https://www.gstatic.com/firebasejs/9.8.4/firebase-auth/cordova.js","auth/react-native":"https://www.gstatic.com/firebasejs/9.8.4/firebase-auth/react-native.js","functions":"https://www.gstatic.com/firebasejs/9.8.4/firebase-functions.js","firestore":"https://www.gstatic.com/firebasejs/9.8.4/firebase-firestore.js","firestore/lite":"https://www.gstatic.com/firebasejs/9.8.4/firebase-firestore/lite.js","storage":"https://www.gstatic.com/firebasejs/9.8.4/firebase-storage.js","performance":"https://www.gstatic.com/firebasejs/9.8.4/firebase-performance.js","remote-config":"https://www.gstatic.com/firebasejs/9.8.4/firebase-remote-config.js","messaging":"https://www.gstatic.com/firebasejs/9.8.4/firebase-messaging.js","messaging/sw":"https://www.gstatic.com/firebasejs/9.8.4/firebase-messaging/sw.js","database":"https://www.gstatic.com/firebasejs/9.8.4/firebase-database.js","firestore.memory":"https://www.gstatic.com/firebasejs/9.8.4/firebase-firestore.memory.js"}}
[info] +  Wrote build/index.html 
[info] 
[info] i  Detected a .git folder at C:\Users\noahv\Documents\React\gmail 
[info] i  Authorizing with GitHub to upload your service account to a GitHub repository's secrets store. 
[info] 
[info] Visit this URL on this device to log in:
[info] https://github.com/login/oauth/authorize?client_id=89cf50f02ac6aaed3484&state=352600523&redirect_uri=http%3A%2F%2Flocalhost%3A9005&scope=read%3Auser%20repo%20public_repo
[info] 
[info] Waiting for authentication...
[debug] [2022-07-05T22:49:58.583Z] >>> [apiv2][query] POST https://github.com/login/oauth/access_token [none]
[debug] [2022-07-05T22:49:58.583Z] >>> [apiv2][body] POST https://github.com/login/oauth/access_token [stream]
[debug] [2022-07-05T22:49:59.816Z] <<< [apiv2][status] POST https://github.com/login/oauth/access_token 200
[debug] [2022-07-05T22:49:59.817Z] <<< [apiv2][body] POST https://github.com/login/oauth/access_token {"access_token":"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","token_type":"bearer","scope":"read:user,repo"}
[debug] [2022-07-05T22:49:59.836Z] >>> [apiv2][query] GET https://api.github.com/user [none]
[debug] [2022-07-05T22:50:00.585Z] <<< [apiv2][status] GET https://api.github.com/user 200
[debug] [2022-07-05T22:50:00.586Z] <<< [apiv2][body] GET https://api.github.com/user {"login":"Noah-V","id":39778277,"node_id":"MDQ6VXNlcjM5Nzc4Mjc3","avatar_url":"https://avatars.githubusercontent.com/u/39778277?v=4","gravatar_id":"","url":"https://api.github.com/users/Noah-V","html_url":"https://github.com/Noah-V","followers_url":"https://api.github.com/users/Noah-V/followers","following_url":"https://api.github.com/users/Noah-V/following{/other_user}","gists_url":"https://api.github.com/users/Noah-V/gists{/gist_id}","starred_url":"https://api.github.com/users/Noah-V/starred{/owner}{/repo}","subscriptions_url":"https://api.github.com/users/Noah-V/subscriptions","organizations_url":"https://api.github.com/users/Noah-V/orgs","repos_url":"https://api.github.com/users/Noah-V/repos","events_url":"https://api.github.com/users/Noah-V/events{/privacy}","received_events_url":"https://api.github.com/users/Noah-V/received_events","type":"User","site_admin":false,"name":null,"company":null,"blog":"","location":null,"email":null,"hireable":null,"bio":null,"twitter_username":null,"public_repos":4,"public_gists":0,"followers":0,"following":0,"created_at":"2018-05-30T19:48:57Z","updated_at":"2022-07-05T22:49:56Z","private_gists":0,"total_private_repos":0,"owned_private_repos":0,"disk_usage":6744,"collaborators":0,"two_factor_authentication":false,"plan":{"name":"free","space":976562499,"collaborators":0,"private_repos":10000}}
[info] 
[info] +  Success! Logged into GitHub as Noah-V 
[info] 
[debug] [2022-07-05T22:51:27.251Z] >>> [apiv2][query] GET https://api.github.com/repos/Noah-V/gmail-clone/actions/secrets/public-key type=owner
[debug] [2022-07-05T22:51:28.001Z] <<< [apiv2][status] GET https://api.github.com/repos/Noah-V/gmail-clone/actions/secrets/public-key 404
[debug] [2022-07-05T22:51:28.002Z] <<< [apiv2][body] GET https://api.github.com/repos/Noah-V/gmail-clone/actions/secrets/public-key {"message":"Not Found","documentation_url":"https://docs.github.com/rest/reference/actions#get-a-repository-public-key"}
[debug] [2022-07-05T22:52:05.877Z] >>> [apiv2][query] GET https://api.github.com/repos/Noah-V/gmail-clone/actions/secrets/public-key type=owner
[debug] [2022-07-05T22:52:06.621Z] <<< [apiv2][status] GET https://api.github.com/repos/Noah-V/gmail-clone/actions/secrets/public-key 404
[debug] [2022-07-05T22:52:06.621Z] <<< [apiv2][body] GET https://api.github.com/repos/Noah-V/gmail-clone/actions/secrets/public-key {"message":"Not Found","documentation_url":"https://docs.github.com/rest/reference/actions#get-a-repository-public-key"}
[debug] [2022-07-05T22:54:07.046Z] >>> [apiv2][query] GET https://api.github.com/repos/Noah-V/gmail-clone/actions/secrets/public-key type=owner
[debug] [2022-07-05T22:54:08.100Z] <<< [apiv2][status] GET https://api.github.com/repos/Noah-V/gmail-clone/actions/secrets/public-key 404
[debug] [2022-07-05T22:54:08.100Z] <<< [apiv2][body] GET https://api.github.com/repos/Noah-V/gmail-clone/actions/secrets/public-key {"message":"Not Found","documentation_url":"https://docs.github.com/rest/reference/actions#get-a-repository-public-key"}
